<?xml version="1.0" encoding="UTF-8"?>
<!-- Generated by org.testng.reporters.JUnitReportReporter -->
<testsuite skipped="0" hostname="Familys-MBP.attlocal.net" name="hybridFramework.usecase_classic" tests="1" failures="0" timestamp="12 Apr 2020 05:29:58 GMT" time="150.115" errors="0">
  <testcase name="scnario_use_case" time="150.115" classname="hybridFramework.usecase_classic"/>
</testsuite> <!-- hybridFramework.usecase_classic -->
