<?xml version="1.0" encoding="UTF-8"?>
<!-- Generated by org.testng.reporters.JUnitReportReporter -->
<testsuite hostname="Familys-MBP.attlocal.net" name="hybridFramework.usecase_classic" tests="1" failures="0" timestamp="13 Apr 2020 05:30:07 GMT" time="124.051" errors="0">
  <testcase name="scnario_use_case" time="124.051" classname="hybridFramework.usecase_classic"/>
</testsuite> <!-- hybridFramework.usecase_classic -->
