<?xml version="1.0" encoding="UTF-8"?>
<!-- Generated by org.testng.reporters.JUnitReportReporter -->
<testsuite hostname="Familys-MBP.attlocal.net" name="hybridFramework.UseCase1" tests="1" failures="0" timestamp="13 Apr 2020 05:30:07 GMT" time="136.713" errors="0">
  <testcase name="scnario_use_case" time="136.713" classname="hybridFramework.UseCase1"/>
</testsuite> <!-- hybridFramework.UseCase1 -->
